2026-03-24 16:08:53 [scrapy.addons] INFO: Enabled addons:
[]
2026-03-24 16:08:53 [scrapy.extensions.telnet] INFO: Telnet Password: 7b0f954cf0a3c587
2026-03-24 16:08:53 [scrapy.middleware] INFO: Enabled extensions:
['scrapy.extensions.corestats.CoreStats',
 'scrapy.extensions.logcount.LogCount',
 'scrapy.extensions.telnet.TelnetConsole',
 'scrapy.extensions.memusage.MemoryUsage',
 'scrapy.extensions.logstats.LogStats']
2026-03-24 16:08:53 [scrapy.crawler] INFO: Overridden settings:
{'CONCURRENT_REQUESTS': 1,
 'DOWNLOAD_DELAY': 2,
 'FEED_FORMAT': None,
 'HTTPCACHE_DIR': 'cache',
 'HTTPCACHE_ENABLED': True,
 'HTTPCACHE_EXPIRATION_SECS': 86400,
 'HTTPCACHE_IGNORE_HTTP_CODES': [404, 500, 502, 503],
 'LOG_FILE': 'scrapay_output.log',
 'LOG_LEVEL': 'INFO'}
2026-03-24 16:08:53 [scrapy.middleware] INFO: Enabled downloader middlewares:
['scrapy.downloadermiddlewares.offsite.OffsiteMiddleware',
 'scrapy.downloadermiddlewares.httpauth.HttpAuthMiddleware',
 'scrapy.downloadermiddlewares.downloadtimeout.DownloadTimeoutMiddleware',
 'scrapy.downloadermiddlewares.defaultheaders.DefaultHeadersMiddleware',
 'scrapy.downloadermiddlewares.useragent.UserAgentMiddleware',
 'scrapy.downloadermiddlewares.retry.RetryMiddleware',
 'scrapy.downloadermiddlewares.redirect.MetaRefreshMiddleware',
 'scrapy.downloadermiddlewares.httpcompression.HttpCompressionMiddleware',
 'scrapy.downloadermiddlewares.redirect.RedirectMiddleware',
 'scrapy.downloadermiddlewares.cookies.CookiesMiddleware',
 'scrapy.downloadermiddlewares.httpproxy.HttpProxyMiddleware',
 'scrapy.downloadermiddlewares.stats.DownloaderStats',
 'scrapy.downloadermiddlewares.httpcache.HttpCacheMiddleware']
2026-03-24 16:08:53 [scrapy.middleware] INFO: Enabled spider middlewares:
['scrapy.spidermiddlewares.start.StartSpiderMiddleware',
 'scrapy.spidermiddlewares.httperror.HttpErrorMiddleware',
 'scrapy.spidermiddlewares.referer.RefererMiddleware',
 'scrapy.spidermiddlewares.urllength.UrlLengthMiddleware',
 'scrapy.spidermiddlewares.depth.DepthMiddleware']
2026-03-24 16:08:53 [scrapy.middleware] INFO: Enabled item pipelines:
[]
2026-03-24 16:08:53 [scrapy.core.engine] INFO: Spider opened
2026-03-24 16:08:53 [scrapy.extensions.logstats] INFO: Crawled 0 pages (at 0 pages/min), scraped 0 items (at 0 items/min)
2026-03-24 16:08:53 [scrapy.extensions.telnet] INFO: Telnet console listening on 127.0.0.1:6024
2026-03-24 16:08:54 [scrapy.core.engine] INFO: Closing spider (finished)
2026-03-24 16:08:54 [scrapy.statscollectors] INFO: Dumping Scrapy stats:
{'downloader/request_bytes': 229,
 'downloader/request_count': 1,
 'downloader/request_method_count/GET': 1,
 'downloader/response_bytes': 1398,
 'downloader/response_count': 1,
 'downloader/response_status_count/200': 1,
 'elapsed_time_seconds': 0.981397,
 'finish_reason': 'finished',
 'finish_time': datetime.datetime(2026, 3, 24, 19, 8, 54, 807665, tzinfo=datetime.timezone.utc),
 'httpcache/firsthand': 1,
 'httpcache/miss': 1,
 'httpcache/store': 1,
 'httpcompression/response_bytes': 2116,
 'httpcompression/response_count': 1,
 'items_per_minute': None,
 'log_count/INFO': 3,
 'memusage/max': 66879488,
 'memusage/startup': 66879488,
 'response_received_count': 1,
 'responses_per_minute': None,
 'scheduler/dequeued': 1,
 'scheduler/dequeued/memory': 1,
 'scheduler/enqueued': 1,
 'scheduler/enqueued/memory': 1,
 'start_time': datetime.datetime(2026, 3, 24, 19, 8, 53, 826268, tzinfo=datetime.timezone.utc)}
2026-03-24 16:08:54 [scrapy.core.engine] INFO: Spider closed (finished)
2026-03-24 16:10:47 [scrapy.addons] INFO: Enabled addons:
[]
2026-03-24 16:10:47 [scrapy.extensions.telnet] INFO: Telnet Password: c51c5ad700e6cb9b
2026-03-24 16:10:47 [scrapy.middleware] INFO: Enabled extensions:
['scrapy.extensions.corestats.CoreStats',
 'scrapy.extensions.logcount.LogCount',
 'scrapy.extensions.telnet.TelnetConsole',
 'scrapy.extensions.memusage.MemoryUsage',
 'scrapy.extensions.closespider.CloseSpider',
 'scrapy.extensions.logstats.LogStats']
2026-03-24 16:10:47 [scrapy.crawler] INFO: Overridden settings:
{'CLOSESPIDER_PAGECOUNT': 100,
 'CONCURRENT_REQUESTS': 1,
 'DOWNLOAD_DELAY': 2,
 'HTTPCACHE_DIR': 'cache',
 'HTTPCACHE_ENABLED': True,
 'HTTPCACHE_EXPIRATION_SECS': 86400,
 'HTTPCACHE_IGNORE_HTTP_CODES': [404, 500, 502, 503],
 'LOG_FILE': 'scrapay_output.log',
 'LOG_LEVEL': 'INFO'}
2026-03-24 16:10:47 [scrapy.middleware] INFO: Enabled downloader middlewares:
['scrapy.downloadermiddlewares.offsite.OffsiteMiddleware',
 'scrapy.downloadermiddlewares.httpauth.HttpAuthMiddleware',
 'scrapy.downloadermiddlewares.downloadtimeout.DownloadTimeoutMiddleware',
 'scrapy.downloadermiddlewares.defaultheaders.DefaultHeadersMiddleware',
 'scrapy.downloadermiddlewares.useragent.UserAgentMiddleware',
 'scrapy.downloadermiddlewares.retry.RetryMiddleware',
 'scrapy.downloadermiddlewares.redirect.MetaRefreshMiddleware',
 'scrapy.downloadermiddlewares.httpcompression.HttpCompressionMiddleware',
 'scrapy.downloadermiddlewares.redirect.RedirectMiddleware',
 'scrapy.downloadermiddlewares.cookies.CookiesMiddleware',
 'scrapy.downloadermiddlewares.httpproxy.HttpProxyMiddleware',
 'scrapy.downloadermiddlewares.stats.DownloaderStats',
 'scrapy.downloadermiddlewares.httpcache.HttpCacheMiddleware']
2026-03-24 16:10:47 [scrapy.middleware] INFO: Enabled spider middlewares:
['scrapy.spidermiddlewares.start.StartSpiderMiddleware',
 'scrapy.spidermiddlewares.httperror.HttpErrorMiddleware',
 'scrapy.spidermiddlewares.referer.RefererMiddleware',
 'scrapy.spidermiddlewares.urllength.UrlLengthMiddleware',
 'scrapy.spidermiddlewares.depth.DepthMiddleware']
2026-03-24 16:10:47 [scrapy.middleware] INFO: Enabled item pipelines:
[]
2026-03-24 16:10:47 [scrapy.core.engine] INFO: Spider opened
2026-03-24 16:10:47 [scrapy.extensions.logstats] INFO: Crawled 0 pages (at 0 pages/min), scraped 0 items (at 0 items/min)
2026-03-24 16:10:47 [scrapy.extensions.telnet] INFO: Telnet console listening on 127.0.0.1:6024
2026-03-24 16:10:51 [twisted] CRITICAL: Unhandled error in Deferred:
2026-03-24 16:10:51 [twisted] CRITICAL: 
twisted.conch.telnet.AlreadyNegotiating: twisted.conch.telnet.AlreadyNegotiating:b'\x01'
2026-03-24 16:10:51 [twisted] CRITICAL: Unhandled error in Deferred:
2026-03-24 16:10:51 [twisted] CRITICAL: 
twisted.internet.error.ConnectionDone: Connection was closed cleanly.
2026-03-24 16:10:52 [twisted] CRITICAL: Unhandled error in Deferred:
2026-03-24 16:10:52 [twisted] CRITICAL: 
twisted.conch.telnet.AlreadyNegotiating: twisted.conch.telnet.AlreadyNegotiating:b'\x01'
2026-03-24 16:10:52 [twisted] CRITICAL: Unhandled error in Deferred:
2026-03-24 16:10:52 [twisted] CRITICAL: 
twisted.internet.error.ConnectionDone: Connection was closed cleanly.
2026-03-24 16:10:53 [twisted] CRITICAL: Unhandled error in Deferred:
2026-03-24 16:10:53 [twisted] CRITICAL: 
twisted.conch.telnet.AlreadyNegotiating: twisted.conch.telnet.AlreadyNegotiating:b'\x01'
2026-03-24 16:10:53 [twisted] CRITICAL: Unhandled error in Deferred:
2026-03-24 16:10:53 [twisted] CRITICAL: 
twisted.internet.error.ConnectionDone: Connection was closed cleanly.
2026-03-24 16:10:54 [twisted] CRITICAL: Unhandled error in Deferred:
2026-03-24 16:10:54 [twisted] CRITICAL: 
twisted.conch.telnet.AlreadyNegotiating: twisted.conch.telnet.AlreadyNegotiating:b'\x01'
2026-03-24 16:10:54 [twisted] CRITICAL: Unhandled error in Deferred:
2026-03-24 16:10:54 [twisted] CRITICAL: 
twisted.internet.error.ConnectionDone: Connection was closed cleanly.
2026-03-24 16:11:47 [scrapy.extensions.logstats] INFO: Crawled 25 pages (at 25 pages/min), scraped 0 items (at 0 items/min)
2026-03-24 16:12:47 [scrapy.extensions.logstats] INFO: Crawled 47 pages (at 22 pages/min), scraped 0 items (at 0 items/min)
2026-03-24 16:13:47 [scrapy.extensions.logstats] INFO: Crawled 73 pages (at 26 pages/min), scraped 0 items (at 0 items/min)
2026-03-24 16:14:47 [scrapy.extensions.logstats] INFO: Crawled 97 pages (at 24 pages/min), scraped 0 items (at 0 items/min)
2026-03-24 16:14:54 [scrapy.core.engine] INFO: Closing spider (closespider_pagecount)
2026-03-24 16:14:54 [scrapy.statscollectors] INFO: Dumping Scrapy stats:
{'downloader/request_bytes': 36417,
 'downloader/request_count': 100,
 'downloader/request_method_count/GET': 100,
 'downloader/response_bytes': 10232108,
 'downloader/response_count': 100,
 'downloader/response_status_count/200': 100,
 'elapsed_time_seconds': 247.027927,
 'finish_reason': 'closespider_pagecount',
 'finish_time': datetime.datetime(2026, 3, 24, 19, 14, 54, 397352, tzinfo=datetime.timezone.utc),
 'httpcache/firsthand': 99,
 'httpcache/hit': 1,
 'httpcache/miss': 99,
 'httpcache/store': 99,
 'httpcompression/response_bytes': 65496078,
 'httpcompression/response_count': 100,
 'items_per_minute': 0.0,
 'log_count/CRITICAL': 16,
 'log_count/INFO': 7,
 'memusage/max': 152899584,
 'memusage/startup': 67293184,
 'request_depth_max': 2,
 'response_received_count': 100,
 'responses_per_minute': 24.291497975708506,
 'scheduler/dequeued': 100,
 'scheduler/dequeued/memory': 100,
 'scheduler/enqueued': 2014,
 'scheduler/enqueued/memory': 2014,
 'start_time': datetime.datetime(2026, 3, 24, 19, 10, 47, 369425, tzinfo=datetime.timezone.utc)}
2026-03-24 16:14:54 [scrapy.core.engine] INFO: Spider closed (closespider_pagecount)
2026-03-24 16:24:38 [scrapy.addons] INFO: Enabled addons:
[]
2026-03-24 16:24:39 [scrapy.extensions.telnet] INFO: Telnet Password: 9b793b056d72e1f1
2026-03-24 16:24:39 [scrapy.middleware] INFO: Enabled extensions:
['scrapy.extensions.corestats.CoreStats',
 'scrapy.extensions.logcount.LogCount',
 'scrapy.extensions.telnet.TelnetConsole',
 'scrapy.extensions.memusage.MemoryUsage',
 'scrapy.extensions.closespider.CloseSpider',
 'scrapy.extensions.logstats.LogStats']
2026-03-24 16:24:39 [scrapy.crawler] INFO: Overridden settings:
{'CLOSESPIDER_ITEMCOUNT': 30,
 'CONCURRENT_REQUESTS': 1,
 'DOWNLOAD_DELAY': 2,
 'HTTPCACHE_DIR': 'cache',
 'HTTPCACHE_ENABLED': True,
 'HTTPCACHE_EXPIRATION_SECS': 86400,
 'HTTPCACHE_IGNORE_HTTP_CODES': [404, 500, 502, 503],
 'LOG_FILE': 'scrapay_output.log',
 'LOG_LEVEL': 'INFO'}
2026-03-24 16:24:39 [scrapy.middleware] INFO: Enabled downloader middlewares:
['scrapy.downloadermiddlewares.offsite.OffsiteMiddleware',
 'scrapy.downloadermiddlewares.httpauth.HttpAuthMiddleware',
 'scrapy.downloadermiddlewares.downloadtimeout.DownloadTimeoutMiddleware',
 'scrapy.downloadermiddlewares.defaultheaders.DefaultHeadersMiddleware',
 'scrapy.downloadermiddlewares.useragent.UserAgentMiddleware',
 'scrapy.downloadermiddlewares.retry.RetryMiddleware',
 'scrapy.downloadermiddlewares.redirect.MetaRefreshMiddleware',
 'scrapy.downloadermiddlewares.httpcompression.HttpCompressionMiddleware',
 'scrapy.downloadermiddlewares.redirect.RedirectMiddleware',
 'scrapy.downloadermiddlewares.cookies.CookiesMiddleware',
 'scrapy.downloadermiddlewares.httpproxy.HttpProxyMiddleware',
 'scrapy.downloadermiddlewares.stats.DownloaderStats',
 'scrapy.downloadermiddlewares.httpcache.HttpCacheMiddleware']
2026-03-24 16:24:39 [scrapy.middleware] INFO: Enabled spider middlewares:
['scrapy.spidermiddlewares.start.StartSpiderMiddleware',
 'scrapy.spidermiddlewares.httperror.HttpErrorMiddleware',
 'scrapy.spidermiddlewares.referer.RefererMiddleware',
 'scrapy.spidermiddlewares.urllength.UrlLengthMiddleware',
 'scrapy.spidermiddlewares.depth.DepthMiddleware']
2026-03-24 16:24:39 [scrapy.middleware] INFO: Enabled item pipelines:
[]
2026-03-24 16:24:39 [scrapy.core.engine] INFO: Spider opened
2026-03-24 16:24:39 [scrapy.extensions.logstats] INFO: Crawled 0 pages (at 0 pages/min), scraped 0 items (at 0 items/min)
2026-03-24 16:24:39 [scrapy.extensions.telnet] INFO: Telnet console listening on 127.0.0.1:6024
2026-03-24 16:24:42 [twisted] CRITICAL: Unhandled error in Deferred:
2026-03-24 16:24:42 [twisted] CRITICAL: 
twisted.conch.telnet.AlreadyNegotiating: twisted.conch.telnet.AlreadyNegotiating:b'\x01'
2026-03-24 16:24:42 [twisted] CRITICAL: Unhandled error in Deferred:
2026-03-24 16:24:42 [twisted] CRITICAL: 
twisted.internet.error.ConnectionDone: Connection was closed cleanly.
2026-03-24 16:24:43 [twisted] CRITICAL: Unhandled error in Deferred:
2026-03-24 16:24:43 [twisted] CRITICAL: 
twisted.conch.telnet.AlreadyNegotiating: twisted.conch.telnet.AlreadyNegotiating:b'\x01'
2026-03-24 16:24:43 [twisted] CRITICAL: Unhandled error in Deferred:
2026-03-24 16:24:43 [twisted] CRITICAL: 
twisted.internet.error.ConnectionDone: Connection was closed cleanly.
2026-03-24 16:25:39 [scrapy.extensions.logstats] INFO: Crawled 36 pages (at 36 pages/min), scraped 0 items (at 0 items/min)
2026-03-24 16:26:39 [scrapy.extensions.logstats] INFO: Crawled 60 pages (at 24 pages/min), scraped 0 items (at 0 items/min)
2026-03-24 16:27:39 [scrapy.extensions.logstats] INFO: Crawled 84 pages (at 24 pages/min), scraped 0 items (at 0 items/min)
2026-03-24 16:28:10 [scrapy.crawler] INFO: Received SIGINT, shutting down gracefully. Send again to force 
2026-03-24 16:28:10 [scrapy.core.engine] INFO: Closing spider (shutdown)
2026-03-24 16:28:11 [scrapy.statscollectors] INFO: Dumping Scrapy stats:
{'downloader/request_bytes': 35873,
 'downloader/request_count': 98,
 'downloader/request_method_count/GET': 98,
 'downloader/response_bytes': 9869877,
 'downloader/response_count': 98,
 'downloader/response_status_count/200': 98,
 'elapsed_time_seconds': 212.256347,
 'finish_reason': 'shutdown',
 'finish_time': datetime.datetime(2026, 3, 24, 19, 28, 11, 323690, tzinfo=datetime.timezone.utc),
 'httpcache/firsthand': 87,
 'httpcache/hit': 11,
 'httpcache/miss': 87,
 'httpcache/store': 87,
 'httpcompression/response_bytes': 63227997,
 'httpcompression/response_count': 98,
 'items_per_minute': 0.0,
 'log_count/CRITICAL': 8,
 'log_count/INFO': 7,
 'memusage/max': 170786816,
 'memusage/startup': 67092480,
 'request_depth_max': 2,
 'response_received_count': 98,
 'responses_per_minute': 27.735849056603776,
 'scheduler/dequeued': 98,
 'scheduler/dequeued/memory': 98,
 'scheduler/enqueued': 3014,
 'scheduler/enqueued/memory': 3014,
 'start_time': datetime.datetime(2026, 3, 24, 19, 24, 39, 67343, tzinfo=datetime.timezone.utc)}
2026-03-24 16:28:11 [scrapy.core.engine] INFO: Spider closed (shutdown)
2026-03-24 16:35:27 [scrapy.addons] INFO: Enabled addons:
[]
2026-03-24 16:35:27 [asyncio] DEBUG: Using selector: EpollSelector
2026-03-24 16:35:27 [scrapy.utils.log] DEBUG: Using reactor: twisted.internet.asyncioreactor.AsyncioSelectorReactor
2026-03-24 16:35:27 [scrapy.utils.log] DEBUG: Using asyncio event loop: asyncio.unix_events._UnixSelectorEventLoop
2026-03-24 16:35:27 [scrapy.extensions.telnet] INFO: Telnet Password: 8866edd0eb46fb66
2026-03-24 16:35:27 [scrapy.middleware] INFO: Enabled extensions:
['scrapy.extensions.corestats.CoreStats',
 'scrapy.extensions.logcount.LogCount',
 'scrapy.extensions.telnet.TelnetConsole',
 'scrapy.extensions.memusage.MemoryUsage',
 'scrapy.extensions.logstats.LogStats']
2026-03-24 16:35:27 [scrapy.crawler] INFO: Overridden settings:
{'CONCURRENT_REQUESTS': 1,
 'DOWNLOAD_DELAY': 2,
 'HTTPCACHE_DIR': 'cache',
 'HTTPCACHE_ENABLED': True,
 'HTTPCACHE_EXPIRATION_SECS': 86400,
 'HTTPCACHE_IGNORE_HTTP_CODES': [404, 500, 502, 503],
 'LOG_FILE': 'scrapay_output.log'}
2026-03-24 16:35:27 [scrapy.middleware] INFO: Enabled downloader middlewares:
['scrapy.downloadermiddlewares.offsite.OffsiteMiddleware',
 'scrapy.downloadermiddlewares.httpauth.HttpAuthMiddleware',
 'scrapy.downloadermiddlewares.downloadtimeout.DownloadTimeoutMiddleware',
 'scrapy.downloadermiddlewares.defaultheaders.DefaultHeadersMiddleware',
 'scrapy.downloadermiddlewares.useragent.UserAgentMiddleware',
 'scrapy.downloadermiddlewares.retry.RetryMiddleware',
 'scrapy.downloadermiddlewares.redirect.MetaRefreshMiddleware',
 'scrapy.downloadermiddlewares.httpcompression.HttpCompressionMiddleware',
 'scrapy.downloadermiddlewares.redirect.RedirectMiddleware',
 'scrapy.downloadermiddlewares.cookies.CookiesMiddleware',
 'scrapy.downloadermiddlewares.httpproxy.HttpProxyMiddleware',
 'scrapy.downloadermiddlewares.stats.DownloaderStats',
 'scrapy.downloadermiddlewares.httpcache.HttpCacheMiddleware']
2026-03-24 16:35:27 [scrapy.middleware] INFO: Enabled spider middlewares:
['scrapy.spidermiddlewares.start.StartSpiderMiddleware',
 'scrapy.spidermiddlewares.httperror.HttpErrorMiddleware',
 'scrapy.spidermiddlewares.referer.RefererMiddleware',
 'scrapy.spidermiddlewares.urllength.UrlLengthMiddleware',
 'scrapy.spidermiddlewares.depth.DepthMiddleware']
2026-03-24 16:35:27 [scrapy.middleware] INFO: Enabled item pipelines:
[]
2026-03-24 16:35:27 [scrapy.core.engine] INFO: Spider opened
2026-03-24 16:35:27 [scrapy.extensions.logstats] INFO: Crawled 0 pages (at 0 pages/min), scraped 0 items (at 0 items/min)
2026-03-24 16:35:27 [scrapy.extensions.httpcache] DEBUG: Using filesystem cache storage in .scrapy/cache
2026-03-24 16:35:27 [scrapy.extensions.telnet] INFO: Telnet console listening on 127.0.0.1:6024
2026-03-24 16:35:27 [scrapy.core.engine] DEBUG: Crawled (200) <GET https://www.giassi.com.br/sitemap.xml> (referer: None) ['cached']
2026-03-24 16:35:27 [scrapy.core.engine] DEBUG: Crawled (200) <GET https://www.giassi.com.br/sitemap/product-9.xml> (referer: https://www.giassi.com.br/sitemap.xml) ['cached']
2026-03-24 16:35:27 [scrapy.core.engine] DEBUG: Crawled (200) <GET https://www.giassi.com.br/sitemap/product-8.xml> (referer: https://www.giassi.com.br/sitemap.xml) ['cached']
2026-03-24 16:35:27 [scrapy.core.engine] DEBUG: Crawled (200) <GET https://www.giassi.com.br/sitemap/product-7.xml> (referer: https://www.giassi.com.br/sitemap.xml) ['cached']
2026-03-24 16:35:28 [scrapy.core.engine] DEBUG: Crawled (200) <GET https://www.giassi.com.br/sitemap/product-6.xml> (referer: https://www.giassi.com.br/sitemap.xml)
2026-03-24 16:35:28 [scrapy.core.engine] DEBUG: Crawled (200) <GET https://www.giassi.com.br/chocolate_ao_leite_e_branco_duo_classic_pacote_80g_1391798/p> (referer: https://www.giassi.com.br/sitemap/product-7.xml) ['cached']
2026-03-24 16:35:28 [scrapy.core.engine] DEBUG: Crawled (200) <GET https://www.giassi.com.br/chocolate_ao_leite_crunch_pacote_80g_1391631/p> (referer: https://www.giassi.com.br/sitemap/product-7.xml) ['cached']
2026-03-24 16:35:28 [scrapy.core.engine] DEBUG: Crawled (200) <GET https://www.giassi.com.br/chocolate_branco_galak_pacote_80g_1391658/p> (referer: https://www.giassi.com.br/sitemap/product-7.xml) ['cached']
2026-03-24 16:35:28 [scrapy.core.engine] DEBUG: Crawled (200) <GET https://www.giassi.com.br/chocolate_ao_leite_prestigio_classic_pacote_80g_1391780/p> (referer: https://www.giassi.com.br/sitemap/product-7.xml) ['cached']
2026-03-24 16:35:28 [scrapy.core.engine] DEBUG: Crawled (200) <GET https://www.giassi.com.br/chocolate_meio_amargo_40_cacau_classic_pacote_80g_1391771/p> (referer: https://www.giassi.com.br/sitemap/product-7.xml) ['cached']
2026-03-24 16:35:28 [scrapy.core.engine] DEBUG: Crawled (200) <GET https://www.giassi.com.br/iogurte_integral_natural_nestle_bandeja_340g_4_unidades_1455362/p> (referer: https://www.giassi.com.br/sitemap/product-7.xml) ['cached']
2026-03-24 16:35:28 [scrapy.core.engine] DEBUG: Crawled (200) <GET https://www.giassi.com.br/iogurte_parcialmente_desnatado_mel_nestle_bandeja_340g_4_unidades_1457632/p> (referer: https://www.giassi.com.br/sitemap/product-7.xml) ['cached']
2026-03-24 16:35:28 [scrapy.core.engine] DEBUG: Crawled (200) <GET https://www.giassi.com.br/energetico_peach_monster_dragon_ice_tea_lata_473ml_1343483/p> (referer: https://www.giassi.com.br/sitemap/product-7.xml) ['cached']
2026-03-24 16:35:32 [twisted] CRITICAL: Unhandled error in Deferred:
2026-03-24 16:35:32 [twisted] CRITICAL: 
twisted.conch.telnet.AlreadyNegotiating: twisted.conch.telnet.AlreadyNegotiating:b'\x01'
2026-03-24 16:35:32 [twisted] CRITICAL: Unhandled error in Deferred:
2026-03-24 16:35:32 [twisted] CRITICAL: 
twisted.internet.error.ConnectionDone: Connection was closed cleanly.
2026-03-24 16:35:32 [scrapy.core.engine] DEBUG: Crawled (200) <GET https://www.giassi.com.br/suco_laranja_integral_suq_garrafa_270ml_710709/p> (referer: https://www.giassi.com.br/sitemap/product-6.xml)
2026-03-24 16:35:33 [twisted] CRITICAL: Unhandled error in Deferred:
2026-03-24 16:35:33 [twisted] CRITICAL: 
twisted.conch.telnet.AlreadyNegotiating: twisted.conch.telnet.AlreadyNegotiating:b'\x01'
2026-03-24 16:35:33 [twisted] CRITICAL: Unhandled error in Deferred:
2026-03-24 16:35:33 [twisted] CRITICAL: 
twisted.internet.error.ConnectionDone: Connection was closed cleanly.
2026-03-24 16:35:35 [scrapy.core.engine] DEBUG: Crawled (200) <GET https://www.giassi.com.br/acucar_cristal_guarani_pacote_2kg_738875/p> (referer: https://www.giassi.com.br/sitemap/product-6.xml)
2026-03-24 16:35:37 [scrapy.core.engine] DEBUG: Crawled (200) <GET https://www.giassi.com.br/frutose_em_po_lowcucar_caixa_200g_160180/p> (referer: https://www.giassi.com.br/sitemap/product-6.xml)
2026-03-24 16:35:38 [twisted] CRITICAL: Unhandled error in Deferred:
2026-03-24 16:35:38 [twisted] CRITICAL: 
twisted.conch.telnet.AlreadyNegotiating: twisted.conch.telnet.AlreadyNegotiating:b'\x01'
2026-03-24 16:35:38 [twisted] CRITICAL: Unhandled error in Deferred:
2026-03-24 16:35:38 [twisted] CRITICAL: 
twisted.internet.error.ConnectionDone: Connection was closed cleanly.
2026-03-24 16:35:39 [scrapy.core.engine] DEBUG: Crawled (200) <GET https://www.giassi.com.br/gin_london_dry_silver_seagers_garrafa_750ml_744980/p> (referer: https://www.giassi.com.br/sitemap/product-6.xml)
2026-03-24 16:35:42 [scrapy.core.engine] DEBUG: Crawled (200) <GET https://www.giassi.com.br/acucar_refinado_especial_guarani_pacote_1kg_738867/p> (referer: https://www.giassi.com.br/sitemap/product-6.xml)
2026-03-24 16:35:44 [scrapy.core.engine] DEBUG: Crawled (200) <GET https://www.giassi.com.br/desinfetante_uso_geral_lavanda_ype_bak_frasco_leve_2l_pague_18l_641251/p> (referer: https://www.giassi.com.br/sitemap/product-6.xml)
2026-03-24 16:35:47 [scrapy.core.engine] DEBUG: Crawled (200) <GET https://www.giassi.com.br/pilha-alcalina-d-mn-1300b2-duracell-2-unidades-15v-1404148/p> (referer: https://www.giassi.com.br/sitemap/product-6.xml)
2026-03-24 16:35:50 [scrapy.core.engine] DEBUG: Crawled (200) <GET https://www.giassi.com.br/pilha-alcalina-c-mn-1400b2-duracell-2-unidades-15v-1402528/p> (referer: https://www.giassi.com.br/sitemap/product-6.xml)
2026-03-24 16:35:52 [scrapy.core.engine] DEBUG: Crawled (200) <GET https://www.giassi.com.br/geleia_amora_queensberry_100_fruta_vidro_170g_1364120/p> (referer: https://www.giassi.com.br/sitemap/product-6.xml)
2026-03-24 16:35:55 [scrapy.core.engine] DEBUG: Crawled (200) <GET https://www.giassi.com.br/biscoito_maizena_isabela_pacote_350g_1363832/p> (referer: https://www.giassi.com.br/sitemap/product-6.xml)
2026-03-24 16:35:57 [scrapy.core.engine] DEBUG: Crawled (200) <GET https://www.giassi.com.br/goma_de_mascar_citrus_zero_acucar_mentos_vitamins_pote_48g_24_unidades_1363158/p> (referer: https://www.giassi.com.br/sitemap/product-6.xml)
2026-03-24 16:36:00 [scrapy.core.engine] DEBUG: Crawled (200) <GET https://www.giassi.com.br/vodka_destilada_watermelon__mint_smirnoff_infusions_garrafa_998ml_1362909/p> (referer: https://www.giassi.com.br/sitemap/product-6.xml)
2026-03-24 16:36:03 [scrapy.core.engine] DEBUG: Crawled (200) <GET https://www.giassi.com.br/iogurte_parcialmente_desnatado_graviola_batavo_garrafa_115kg_embalagem_economica_1362755/p> (referer: https://www.giassi.com.br/sitemap/product-6.xml)
2026-03-24 16:36:05 [scrapy.core.engine] DEBUG: Crawled (200) <GET https://www.giassi.com.br/iogurte_vegetal_cookies__cream_vida_veg_protein_frasco_250g_1362704/p> (referer: https://www.giassi.com.br/sitemap/product-6.xml)
2026-03-24 16:36:07 [scrapy.core.engine] DEBUG: Crawled (200) <GET https://www.giassi.com.br/biscoito_cookie_cream_recheio_chocolate_ao_leite_nestle_pacote_78g_1362577/p> (referer: https://www.giassi.com.br/sitemap/product-6.xml)
2026-03-24 16:36:08 [twisted] CRITICAL: Unhandled error in Deferred:
2026-03-24 16:36:08 [twisted] CRITICAL: 
twisted.conch.telnet.AlreadyNegotiating: twisted.conch.telnet.AlreadyNegotiating:b'\x01'
2026-03-24 16:36:08 [twisted] CRITICAL: Unhandled error in Deferred:
2026-03-24 16:36:08 [twisted] CRITICAL: 
twisted.internet.error.ConnectionDone: Connection was closed cleanly.
2026-03-24 16:36:10 [scrapy.core.engine] DEBUG: Crawled (200) <GET https://www.giassi.com.br/bombom_wafer_raffaello_caixa_150g_392197/p> (referer: https://www.giassi.com.br/sitemap/product-6.xml)
2026-03-24 16:36:13 [scrapy.core.engine] DEBUG: Crawled (200) <GET https://www.giassi.com.br/licor_creme_cassis_stock_garrafa_720ml_388220/p> (referer: https://www.giassi.com.br/sitemap/product-6.xml)
2026-03-24 16:36:15 [scrapy.core.engine] DEBUG: Crawled (200) <GET https://www.giassi.com.br/conhaque_de_gengibre_presidente_garrafa_900ml_385808/p> (referer: https://www.giassi.com.br/sitemap/product-6.xml)
2026-03-24 16:36:18 [scrapy.core.engine] DEBUG: Crawled (200) <GET https://www.giassi.com.br/ervamate_chimarrao_pura_folha_madrugada_pacote_1kg_378933/p> (referer: https://www.giassi.com.br/sitemap/product-6.xml)
2026-03-24 16:36:21 [scrapy.core.engine] DEBUG: Crawled (200) <GET https://www.giassi.com.br/pilha-alcalina-aaa-mn-2400b2-duracell-2-unidades-15v-1405543/p> (referer: https://www.giassi.com.br/sitemap/product-6.xml)
2026-03-24 16:36:24 [scrapy.core.engine] DEBUG: Crawled (200) <GET https://www.giassi.com.br/barriga_suina_resfriada_sem_osso_disner_kg_14060/p> (referer: https://www.giassi.com.br/sitemap/product-6.xml)
2026-03-24 16:36:26 [scrapy.core.engine] DEBUG: Crawled (200) <GET https://www.giassi.com.br/vinho_americano_tinto_seco_robert_mondavi_zinfandel_woodbridge_california_garrafa_750ml_631906/p> (referer: https://www.giassi.com.br/sitemap/product-6.xml)
2026-03-24 16:36:27 [scrapy.extensions.logstats] INFO: Crawled 35 pages (at 35 pages/min), scraped 0 items (at 0 items/min)
2026-03-24 16:36:29 [scrapy.core.engine] DEBUG: Crawled (200) <GET https://www.giassi.com.br/folhas_para_depilacao_facial_depi_roll_profissional_caixa_16_unidades_1320203/p> (referer: https://www.giassi.com.br/sitemap/product-6.xml)
2026-03-24 16:36:31 [scrapy.core.engine] DEBUG: Crawled (200) <GET https://www.giassi.com.br/file_de_papaterra_congelado_menticirrhus_litorals_pescados_correa_bandeja_500g_7293887/p> (referer: https://www.giassi.com.br/sitemap/product-6.xml)
2026-03-24 16:36:33 [scrapy.core.engine] DEBUG: Crawled (200) <GET https://www.giassi.com.br/aparelho_descartavel_para_barbear_bic_flex_3_2_unidades_718491/p> (referer: https://www.giassi.com.br/sitemap/product-6.xml)
2026-03-24 16:36:35 [scrapy.core.engine] DEBUG: Crawled (200) <GET https://www.giassi.com.br/cha_limao_e_framboesa_twinings_infusions_caixa_15g_10_unidades_716472/p> (referer: https://www.giassi.com.br/sitemap/product-6.xml)
2026-03-24 16:36:38 [scrapy.core.engine] DEBUG: Crawled (200) <GET https://www.giassi.com.br/aparelho_de_depilar_descartavel_bic_soleil_color_collection_leve_4_pague_3_unidades_833533/p> (referer: https://www.giassi.com.br/sitemap/product-6.xml)
2026-03-24 16:36:40 [scrapy.core.engine] DEBUG: Crawled (200) <GET https://www.giassi.com.br/aparelho_descartavel_para_depilar_bic_comfort_2_women_leve_5_pague_4_unidades_832316/p> (referer: https://www.giassi.com.br/sitemap/product-6.xml)
2026-03-24 16:36:43 [scrapy.core.engine] DEBUG: Crawled (200) <GET https://www.giassi.com.br/locao_depilatoria_corporal_pepino_e_melao_depi_roll_resistance_frasco_120ml_371262/p> (referer: https://www.giassi.com.br/sitemap/product-6.xml)
2026-03-24 16:36:45 [scrapy.core.engine] DEBUG: Crawled (200) <GET https://www.giassi.com.br/limpador_polwax_tira_limo_500ml_309729/p> (referer: https://www.giassi.com.br/sitemap/product-6.xml)
2026-03-24 16:36:48 [scrapy.core.engine] DEBUG: Crawled (200) <GET https://www.giassi.com.br/caixa_termica_suv_32l_termolar_825654/p> (referer: https://www.giassi.com.br/sitemap/product-6.xml)
2026-03-24 16:36:51 [scrapy.core.engine] DEBUG: Crawled (200) <GET https://www.giassi.com.br/biscoito_champagne_furabolo_baunilha_zeze_pacote_180g_7094175/p> (referer: https://www.giassi.com.br/sitemap/product-6.xml)
2026-03-24 16:36:53 [scrapy.core.engine] DEBUG: Crawled (200) <GET https://www.giassi.com.br/agua_tonica_schweppes_garrafa_15l_305359/p> (referer: https://www.giassi.com.br/sitemap/product-6.xml)
2026-03-24 16:36:57 [scrapy.core.engine] DEBUG: Crawled (200) <GET https://www.giassi.com.br/goiabada_aurea_pacote_300g_839680/p> (referer: https://www.giassi.com.br/sitemap/product-6.xml)
2026-03-24 16:36:58 [scrapy.core.engine] DEBUG: Crawled (200) <GET https://www.giassi.com.br/macarrao_de_arroz_integral_parafuso_urbano_pacote_500g_685810/p> (referer: https://www.giassi.com.br/sitemap/product-6.xml)
2026-03-24 16:37:01 [scrapy.core.engine] DEBUG: Crawled (200) <GET https://www.giassi.com.br/leite_condensado_de_soja_zero_lactose_soymilke_lata_330g_4910710/p> (referer: https://www.giassi.com.br/sitemap/product-6.xml)
2026-03-24 16:37:04 [scrapy.core.engine] DEBUG: Crawled (200) <GET https://www.giassi.com.br/alho_roxo_especial_alhofree_200g_4873416/p> (referer: https://www.giassi.com.br/sitemap/product-6.xml)
2026-03-24 16:37:06 [scrapy.core.engine] DEBUG: Crawled (200) <GET https://www.giassi.com.br/sopao_verd_facil_500g_258369/p> (referer: https://www.giassi.com.br/sitemap/product-6.xml)
2026-03-24 16:37:09 [scrapy.core.engine] DEBUG: Crawled (200) <GET https://www.giassi.com.br/file_de_pescada_congelado_cynoscion_sem_pele_aromas_do_mar_bandeja_500g_2541181/p> (referer: https://www.giassi.com.br/sitemap/product-6.xml)
2026-03-24 16:37:11 [scrapy.core.engine] DEBUG: Crawled (200) <GET https://www.giassi.com.br/queijo_montanhes_em_pedaco_tirolez_kg_80926/p> (referer: https://www.giassi.com.br/sitemap/product-6.xml)
2026-03-24 16:37:14 [scrapy.core.engine] DEBUG: Crawled (200) <GET https://www.giassi.com.br/carne_patinho_bovino_moido_resfriado_giassi_kg_69353/p> (referer: https://www.giassi.com.br/sitemap/product-6.xml)
2026-03-24 16:37:16 [scrapy.core.engine] DEBUG: Crawled (200) <GET https://www.giassi.com.br/carne_traseiro_bovino_moido_resfriado_giassi_kg_69329/p> (referer: https://www.giassi.com.br/sitemap/product-6.xml)
2026-03-24 16:37:19 [scrapy.core.engine] DEBUG: Crawled (200) <GET https://www.giassi.com.br/lombo_canadense_defumado_em_fatias_seara_kg_493449/p> (referer: https://www.giassi.com.br/sitemap/product-6.xml)
2026-03-24 16:37:22 [scrapy.core.engine] DEBUG: Crawled (200) <GET https://www.giassi.com.br/caldo_de_peixe_congelado_aromas_do_mar_1kg_144673/p> (referer: https://www.giassi.com.br/sitemap/product-6.xml)
2026-03-24 16:37:24 [scrapy.core.engine] DEBUG: Crawled (200) <GET https://www.giassi.com.br/pilha-alcalina-mn-1604b1-duracell-9v-1405039/p> (referer: https://www.giassi.com.br/sitemap/product-6.xml)
2026-03-24 16:37:26 [scrapy.core.engine] DEBUG: Crawled (200) <GET https://www.giassi.com.br/pilha-alcalina-aa-mn-1500b2-duracell-2-unidades-15v-1402447/p> (referer: https://www.giassi.com.br/sitemap/product-6.xml)
2026-03-24 16:37:27 [scrapy.extensions.logstats] INFO: Crawled 59 pages (at 24 pages/min), scraped 0 items (at 0 items/min)
2026-03-24 16:37:29 [scrapy.core.engine] DEBUG: Crawled (200) <GET https://www.giassi.com.br/melhorador_de_farinha_para_panificacao_fleischmann_mais_macio_envelope_10g_1363980/p> (referer: https://www.giassi.com.br/sitemap/product-6.xml)
2026-03-24 16:37:31 [scrapy.core.engine] DEBUG: Crawled (200) <GET https://www.giassi.com.br/palmito_pupunha_em_conserva_tolete_daoli_vidro_300g_1363638/p> (referer: https://www.giassi.com.br/sitemap/product-6.xml)
2026-03-24 16:37:33 [scrapy.core.engine] DEBUG: Crawled (200) <GET https://www.giassi.com.br/molho_de_tomate_tradicional_heinz_pouch_300g_1363859/p> (referer: https://www.giassi.com.br/sitemap/product-6.xml)
2026-03-24 16:37:36 [scrapy.core.engine] DEBUG: Crawled (200) <GET https://www.giassi.com.br/folhas_para_depilacao_corporal_depi_roll_profissional_caixa_16_unidades_1319701/p> (referer: https://www.giassi.com.br/sitemap/product-6.xml)
2026-03-24 16:37:38 [scrapy.core.engine] DEBUG: Crawled (200) <GET https://www.giassi.com.br/farinha_de_trigo_tipo_1_nordeste_pacote_5kg_130478/p> (referer: https://www.giassi.com.br/sitemap/product-6.xml)
2026-03-24 16:37:41 [scrapy.core.engine] DEBUG: Crawled (200) <GET https://www.giassi.com.br/ervamate_chimarrao_tradicional_madrugada_pacote_1kg_1213040/p> (referer: https://www.giassi.com.br/sitemap/product-6.xml)
2026-03-24 16:37:44 [scrapy.core.engine] DEBUG: Crawled (200) <GET https://www.giassi.com.br/chocolate_branco_e_meio_amargo_napolitano_neugebauer_pacote_70g_1124510/p> (referer: https://www.giassi.com.br/sitemap/product-6.xml)
2026-03-24 16:37:47 [scrapy.core.engine] DEBUG: Crawled (200) <GET https://www.giassi.com.br/sabonete_liquido_antibacteriano_protex_nutri_protect_vitamina_e_frasco_650ml_tamanho_familia_1363085/p> (referer: https://www.giassi.com.br/sitemap/product-6.xml)
2026-03-24 16:37:48 [scrapy.core.engine] DEBUG: Crawled (200) <GET https://www.giassi.com.br/esponja_verde_esfera_de_limpeza_scotchbrite_antibac_3_unidades_1362615/p> (referer: https://www.giassi.com.br/sitemap/product-6.xml)
2026-03-24 16:37:51 [scrapy.core.engine] DEBUG: Crawled (200) <GET https://www.giassi.com.br/amaciante_de_roupa_concentrado_explosao_floral_comfort_perfumes_do_brasil_frasco_900ml_1361651/p> (referer: https://www.giassi.com.br/sitemap/product-6.xml)
2026-03-24 16:37:54 [scrapy.core.engine] DEBUG: Crawled (200) <GET https://www.giassi.com.br/refrigerante_guarana_antarctica_garrafa_2l_1124293/p> (referer: https://www.giassi.com.br/sitemap/product-6.xml)
2026-03-24 16:37:57 [scrapy.core.engine] DEBUG: Crawled (200) <GET https://www.giassi.com.br/cafe_torrado_e_moido_a_vacuo_organico_cafe_jurere_gourmet_caixa_250g_1018752/p> (referer: https://www.giassi.com.br/sitemap/product-6.xml)
2026-03-24 16:37:59 [scrapy.core.engine] DEBUG: Crawled (200) <GET https://www.giassi.com.br/azeitona_verde_em_conserva_fatiada_uniagro_gourmet_sache_100g_1013475/p> (referer: https://www.giassi.com.br/sitemap/product-6.xml)
2026-03-24 16:38:01 [scrapy.core.engine] DEBUG: Crawled (200) <GET https://www.giassi.com.br/mini_tomate_grape_mel_trebeschi_500g_1004212/p> (referer: https://www.giassi.com.br/sitemap/product-6.xml)
2026-03-24 16:38:03 [scrapy.core.engine] DEBUG: Crawled (200) <GET https://www.giassi.com.br/mini_tomate_grape_mel_trebeschi_180g_1004190/p> (referer: https://www.giassi.com.br/sitemap/product-6.xml)
2026-03-24 16:38:05 [scrapy.core.engine] DEBUG: Crawled (200) <GET https://www.giassi.com.br/tomate_trebeschi_como_antigamente_600g_1004174/p> (referer: https://www.giassi.com.br/sitemap/product-6.xml)
2026-03-24 16:38:07 [scrapy.core.engine] DEBUG: Crawled (200) <GET https://www.giassi.com.br/arroz_basmati_tipo_1_urbano_selecao_especial_pouch_1kg_960756/p> (referer: https://www.giassi.com.br/sitemap/product-6.xml)
2026-03-24 16:38:09 [scrapy.core.engine] DEBUG: Crawled (200) <GET https://www.giassi.com.br/tomate_trebeschi_salad_sensation_300g_1004158/p> (referer: https://www.giassi.com.br/sitemap/product-6.xml)
2026-03-24 16:38:11 [scrapy.core.engine] DEBUG: Crawled (200) <GET https://www.giassi.com.br/vinagre_de_maca_heinig_garrafa_500ml_1002279/p> (referer: https://www.giassi.com.br/sitemap/product-6.xml)
2026-03-24 16:38:13 [scrapy.core.engine] DEBUG: Crawled (200) <GET https://www.giassi.com.br/vinho_brasileiro_tinto_seco_mioranza_serra_gaucha_garrafa_750ml_1000624/p> (referer: https://www.giassi.com.br/sitemap/product-6.xml)
2026-03-24 16:38:16 [scrapy.core.engine] DEBUG: Crawled (200) <GET https://www.giassi.com.br/vinho_brasileiro_tinto_suave_mioranza_serra_gaucha_garrafa_750ml_1000616/p> (referer: https://www.giassi.com.br/sitemap/product-6.xml)
2026-03-24 16:38:18 [scrapy.core.engine] DEBUG: Crawled (200) <GET https://www.giassi.com.br/vinho_brasileiro_tinto_suave_mioranza_serra_gaucha_garrafa_365ml_1000667/p> (referer: https://www.giassi.com.br/sitemap/product-6.xml)
2026-03-24 16:38:21 [scrapy.core.engine] DEBUG: Crawled (200) <GET https://www.giassi.com.br/vinho_brasileiro_branco_seco_mioranza_serra_gaucha_garrafa_750ml_1000632/p> (referer: https://www.giassi.com.br/sitemap/product-6.xml)
2026-03-24 16:38:23 [scrapy.core.engine] DEBUG: Crawled (200) <GET https://www.giassi.com.br/salada_pratica_organica_vivaris_bandeja_100g_990892/p> (referer: https://www.giassi.com.br/sitemap/product-6.xml)
2026-03-24 16:39:40 [scrapy.addons] INFO: Enabled addons:
[]
2026-03-24 16:39:40 [asyncio] DEBUG: Using selector: EpollSelector
2026-03-24 16:39:40 [scrapy.utils.log] DEBUG: Using reactor: twisted.internet.asyncioreactor.AsyncioSelectorReactor
2026-03-24 16:39:40 [scrapy.utils.log] DEBUG: Using asyncio event loop: asyncio.unix_events._UnixSelectorEventLoop
2026-03-24 16:39:40 [scrapy.extensions.telnet] INFO: Telnet Password: 51f67c179ba25d87
2026-03-24 16:39:40 [scrapy.middleware] INFO: Enabled extensions:
['scrapy.extensions.corestats.CoreStats',
 'scrapy.extensions.logcount.LogCount',
 'scrapy.extensions.telnet.TelnetConsole',
 'scrapy.extensions.memusage.MemoryUsage',
 'scrapy.extensions.logstats.LogStats']
2026-03-24 16:39:40 [scrapy.crawler] INFO: Overridden settings:
{'CONCURRENT_REQUESTS': 1,
 'DOWNLOAD_DELAY': 2,
 'HTTPCACHE_DIR': 'cache',
 'HTTPCACHE_ENABLED': True,
 'HTTPCACHE_EXPIRATION_SECS': 86400,
 'HTTPCACHE_IGNORE_HTTP_CODES': [404, 500, 502, 503],
 'LOG_FILE': 'scrapay_output.log'}
2026-03-24 16:39:40 [scrapy.middleware] INFO: Enabled downloader middlewares:
['scrapy.downloadermiddlewares.offsite.OffsiteMiddleware',
 'scrapy.downloadermiddlewares.httpauth.HttpAuthMiddleware',
 'scrapy.downloadermiddlewares.downloadtimeout.DownloadTimeoutMiddleware',
 'scrapy.downloadermiddlewares.defaultheaders.DefaultHeadersMiddleware',
 'scrapy.downloadermiddlewares.useragent.UserAgentMiddleware',
 'scrapy.downloadermiddlewares.retry.RetryMiddleware',
 'scrapy.downloadermiddlewares.redirect.MetaRefreshMiddleware',
 'scrapy.downloadermiddlewares.httpcompression.HttpCompressionMiddleware',
 'scrapy.downloadermiddlewares.redirect.RedirectMiddleware',
 'scrapy.downloadermiddlewares.cookies.CookiesMiddleware',
 'scrapy.downloadermiddlewares.httpproxy.HttpProxyMiddleware',
 'scrapy.downloadermiddlewares.stats.DownloaderStats',
 'scrapy.downloadermiddlewares.httpcache.HttpCacheMiddleware']
2026-03-24 16:39:40 [scrapy.middleware] INFO: Enabled spider middlewares:
['scrapy.spidermiddlewares.start.StartSpiderMiddleware',
 'scrapy.spidermiddlewares.httperror.HttpErrorMiddleware',
 'scrapy.spidermiddlewares.referer.RefererMiddleware',
 'scrapy.spidermiddlewares.urllength.UrlLengthMiddleware',
 'scrapy.spidermiddlewares.depth.DepthMiddleware']
2026-03-24 16:39:40 [scrapy.middleware] INFO: Enabled item pipelines:
[]
2026-03-24 16:39:40 [scrapy.core.engine] INFO: Spider opened
2026-03-24 16:39:40 [scrapy.extensions.logstats] INFO: Crawled 0 pages (at 0 pages/min), scraped 0 items (at 0 items/min)
2026-03-24 16:39:40 [scrapy.extensions.httpcache] DEBUG: Using filesystem cache storage in .scrapy/cache
2026-03-24 16:39:40 [scrapy.extensions.telnet] INFO: Telnet console listening on 127.0.0.1:6024
2026-03-24 16:39:40 [scrapy.core.engine] DEBUG: Crawled (200) <GET https://www.giassi.com.br/sitemap.xml> (referer: None) ['cached']
2026-03-24 16:39:40 [scrapy.core.engine] DEBUG: Crawled (200) <GET https://www.giassi.com.br/sitemap/product-9.xml> (referer: https://www.giassi.com.br/sitemap.xml) ['cached']
2026-03-24 16:39:40 [scrapy.core.engine] DEBUG: Crawled (200) <GET https://www.giassi.com.br/sitemap/product-8.xml> (referer: https://www.giassi.com.br/sitemap.xml) ['cached']
2026-03-24 16:39:40 [scrapy.core.engine] DEBUG: Crawled (200) <GET https://www.giassi.com.br/sitemap/product-7.xml> (referer: https://www.giassi.com.br/sitemap.xml) ['cached']
2026-03-24 16:39:40 [scrapy.core.engine] DEBUG: Crawled (200) <GET https://www.giassi.com.br/sitemap/product-6.xml> (referer: https://www.giassi.com.br/sitemap.xml) ['cached']
2026-03-24 16:39:41 [scrapy.core.engine] DEBUG: Crawled (200) <GET https://www.giassi.com.br/sitemap/product-5.xml> (referer: https://www.giassi.com.br/sitemap.xml)
2026-03-24 16:39:41 [scrapy.core.engine] DEBUG: Crawled (200) <GET https://www.giassi.com.br/acucar_cristal_guarani_pacote_2kg_738875/p> (referer: https://www.giassi.com.br/sitemap/product-6.xml) ['cached']
2026-03-24 16:39:41 [scrapy.core.engine] DEBUG: Crawled (200) <GET https://www.giassi.com.br/frutose_em_po_lowcucar_caixa_200g_160180/p> (referer: https://www.giassi.com.br/sitemap/product-6.xml) ['cached']
2026-03-24 16:39:41 [scrapy.core.engine] DEBUG: Crawled (200) <GET https://www.giassi.com.br/gin_london_dry_silver_seagers_garrafa_750ml_744980/p> (referer: https://www.giassi.com.br/sitemap/product-6.xml) ['cached']
2026-03-24 16:39:41 [scrapy.core.engine] DEBUG: Crawled (200) <GET https://www.giassi.com.br/acucar_refinado_especial_guarani_pacote_1kg_738867/p> (referer: https://www.giassi.com.br/sitemap/product-6.xml) ['cached']
2026-03-24 16:39:41 [scrapy.core.engine] DEBUG: Crawled (200) <GET https://www.giassi.com.br/desinfetante_uso_geral_lavanda_ype_bak_frasco_leve_2l_pague_18l_641251/p> (referer: https://www.giassi.com.br/sitemap/product-6.xml) ['cached']
2026-03-24 16:39:41 [scrapy.core.engine] DEBUG: Crawled (200) <GET https://www.giassi.com.br/pilha-alcalina-d-mn-1300b2-duracell-2-unidades-15v-1404148/p> (referer: https://www.giassi.com.br/sitemap/product-6.xml) ['cached']
2026-03-24 16:39:41 [scrapy.core.engine] DEBUG: Crawled (200) <GET https://www.giassi.com.br/pilha-alcalina-c-mn-1400b2-duracell-2-unidades-15v-1402528/p> (referer: https://www.giassi.com.br/sitemap/product-6.xml) ['cached']
2026-03-24 16:39:41 [scrapy.core.engine] DEBUG: Crawled (200) <GET https://www.giassi.com.br/geleia_amora_queensberry_100_fruta_vidro_170g_1364120/p> (referer: https://www.giassi.com.br/sitemap/product-6.xml) ['cached']
2026-03-24 16:39:44 [scrapy.core.engine] DEBUG: Crawled (200) <GET https://www.giassi.com.br/tiramanchas_liquido_roupas_brancas_e_coloridas_fresh_brilhante_utile_frasco_2l_937983/p> (referer: https://www.giassi.com.br/sitemap/product-5.xml)
2026-03-24 16:39:47 [scrapy.core.engine] DEBUG: Crawled (200) <GET https://www.giassi.com.br/molho_pesto_genoves_la_pastina_vidro_190g_230820/p> (referer: https://www.giassi.com.br/sitemap/product-5.xml)
2026-03-24 16:39:50 [scrapy.core.engine] DEBUG: Crawled (200) <GET https://www.giassi.com.br/feijoada_pronta_oderich_lata_420g_4431740/p> (referer: https://www.giassi.com.br/sitemap/product-5.xml)
2026-03-24 16:39:53 [scrapy.core.engine] DEBUG: Crawled (200) <GET https://www.giassi.com.br/sanduiche_congelado_cheddar_seara_hot_hit_pacote_145g_135275/p> (referer: https://www.giassi.com.br/sitemap/product-5.xml)
2026-03-24 16:39:54 [scrapy.core.engine] DEBUG: Crawled (200) <GET https://www.giassi.com.br/file_de_salmao_congelado_em_pedacos_salmo_salar_aromas_do_mar_bandeja_500g_133167/p> (referer: https://www.giassi.com.br/sitemap/product-5.xml)
2026-03-24 16:39:58 [scrapy.core.engine] DEBUG: Crawled (200) <GET https://www.giassi.com.br/esmalte_cremoso_desejo_risque_vermelhos_8ml_1110829/p> (referer: https://www.giassi.com.br/sitemap/product-5.xml)
2026-03-24 16:40:01 [scrapy.core.engine] DEBUG: Crawled (200) <GET https://www.giassi.com.br/agua_mineral_natural_com_gas_santa_rita_garrafa_15l_1184784/p> (referer: https://www.giassi.com.br/sitemap/product-5.xml)
2026-03-24 16:40:04 [scrapy.core.engine] DEBUG: Crawled (200) <GET https://www.giassi.com.br/agua_mineral_natural_com_gas_santa_rita_garrafa_510ml_1184512/p> (referer: https://www.giassi.com.br/sitemap/product-5.xml)
2026-03-24 16:40:06 [scrapy.core.engine] DEBUG: Crawled (200) <GET https://www.giassi.com.br/agua_mineral_natural_sem_gas_santa_rita_garrafa_15l_1184601/p> (referer: https://www.giassi.com.br/sitemap/product-5.xml)
2026-03-24 16:40:09 [scrapy.core.engine] DEBUG: Crawled (200) <GET https://www.giassi.com.br/vinho_brasileiro_branco_frisante_demisec_lunae_serra_gaucha_garrafa_750ml_136875/p> (referer: https://www.giassi.com.br/sitemap/product-5.xml)
2026-03-24 16:40:11 [scrapy.core.engine] DEBUG: Crawled (200) <GET https://www.giassi.com.br/acucar_refinado_uniao_classicos_pacote_5kg_120634/p> (referer: https://www.giassi.com.br/sitemap/product-5.xml)
2026-03-24 16:40:12 [scrapy.crawler] INFO: Received SIGINT, shutting down gracefully. Send again to force 
2026-03-24 16:40:12 [scrapy.core.engine] INFO: Closing spider (shutdown)
2026-03-24 16:40:13 [scrapy.core.engine] DEBUG: Crawled (200) <GET https://www.giassi.com.br/acucar_refinado_especial_uniao_pacote_1kg_120731/p> (referer: https://www.giassi.com.br/sitemap/product-5.xml)
2026-03-24 16:40:13 [scrapy.statscollectors] INFO: Dumping Scrapy stats:
{'downloader/request_bytes': 9215,
 'downloader/request_count': 26,
 'downloader/request_method_count/GET': 26,
 'downloader/response_bytes': 2221782,
 'downloader/response_count': 26,
 'downloader/response_status_count/200': 26,
 'elapsed_time_seconds': 33.445466,
 'finish_reason': 'shutdown',
 'finish_time': datetime.datetime(2026, 3, 24, 19, 40, 13, 671501, tzinfo=datetime.timezone.utc),
 'httpcache/firsthand': 13,
 'httpcache/hit': 13,
 'httpcache/miss': 13,
 'httpcache/store': 13,
 'httpcompression/response_bytes': 14197371,
 'httpcompression/response_count': 26,
 'items_per_minute': 0.0,
 'log_count/DEBUG': 27,
 'log_count/INFO': 4,
 'memusage/max': 114671616,
 'memusage/startup': 114671616,
 'request_depth_max': 2,
 'response_received_count': 26,
 'responses_per_minute': 47.272727272727266,
 'scheduler/dequeued': 26,
 'scheduler/dequeued/memory': 26,
 'scheduler/enqueued': 5014,
 'scheduler/enqueued/memory': 5014,
 'start_time': datetime.datetime(2026, 3, 24, 19, 39, 40, 226035, tzinfo=datetime.timezone.utc)}
2026-03-24 16:40:13 [scrapy.core.engine] INFO: Spider closed (shutdown)
